<?xml version="1.0" encoding="UTF-8"?>
<!-- Generated by org.testng.reporters.JUnitXMLReporter -->
<testsuite hostname="Raghu-PC" name="LMSIntegration" tests="10" failures="10" timestamp="8 Sep 2014 19:37:25 GMT" time="0.479" errors="0">
  <testcase name="E4_1417" time="0.358" classname="Scripts.LMSIntegration.LMSStudent">
    <failure type="java.lang.NoClassDefFoundError" message="org/jaxen/JaxenException">
      <![CDATA[java.lang.NoClassDefFoundError: org/jaxen/JaxenException
	at org.dom4j.DocumentFactory.createXPath(DocumentFactory.java:230)
	at org.dom4j.tree.AbstractNode.createXPath(AbstractNode.java:207)
	at org.dom4j.tree.AbstractNode.selectSingleNode(AbstractNode.java:183)
	at Misc.XMLUtil.addNodeWithAttributes(XMLUtil.java:209)
	at Toolbox.ResultUtil.createReport(ResultUtil.java:192)
	at Scripts.LMSIntegration.LMSStudent.LMSStudentPrerequiste(LMSStudent.java:28)
	at Scripts.LMSIntegration.LMSStudent.E4_1417(LMSStudent.java:70)
Caused by: java.lang.ClassNotFoundException: org.jaxen.JaxenException
	at java.net.URLClassLoader$1.run(Unknown Source)
	at java.net.URLClassLoader$1.run(Unknown Source)
	at java.security.AccessController.doPrivileged(Native Method)
	at java.net.URLClassLoader.findClass(Unknown Source)
	at java.lang.ClassLoader.loadClass(Unknown Source)
	at sun.misc.Launcher$AppClassLoader.loadClass(Unknown Source)
	at java.lang.ClassLoader.loadClass(Unknown Source)
	... 31 more
... Removed 24 stack frames]]>
    </failure>
  </testcase> <!-- E4_1417 -->
  <testcase name="E4_1221" time="0.008" classname="Scripts.LMSIntegration.LMSStudent">
    <failure type="java.lang.NoClassDefFoundError" message="org/jaxen/JaxenException">
      <![CDATA[java.lang.NoClassDefFoundError: org/jaxen/JaxenException
	at org.dom4j.DocumentFactory.createXPath(DocumentFactory.java:230)
	at org.dom4j.tree.AbstractNode.createXPath(AbstractNode.java:207)
	at org.dom4j.tree.AbstractNode.selectSingleNode(AbstractNode.java:183)
	at Misc.XMLUtil.addNodeWithAttributes(XMLUtil.java:209)
	at Toolbox.ResultUtil.createReport(ResultUtil.java:192)
	at Scripts.LMSIntegration.LMSStudent.LMSStudentPrerequiste(LMSStudent.java:28)
	at Scripts.LMSIntegration.LMSStudent.E4_1221(LMSStudent.java:91)
Caused by: java.lang.ClassNotFoundException: org.jaxen.JaxenException
	at java.net.URLClassLoader$1.run(Unknown Source)
	at java.net.URLClassLoader$1.run(Unknown Source)
	at java.security.AccessController.doPrivileged(Native Method)
	at java.net.URLClassLoader.findClass(Unknown Source)
	at java.lang.ClassLoader.loadClass(Unknown Source)
	at sun.misc.Launcher$AppClassLoader.loadClass(Unknown Source)
	at java.lang.ClassLoader.loadClass(Unknown Source)
	... 31 more
... Removed 24 stack frames]]>
    </failure>
  </testcase> <!-- E4_1221 -->
  <testcase name="E4_1209" time="0.008" classname="Scripts.LMSIntegration.LMSStudent">
    <failure type="java.lang.NoClassDefFoundError" message="org/jaxen/JaxenException">
      <![CDATA[java.lang.NoClassDefFoundError: org/jaxen/JaxenException
	at org.dom4j.DocumentFactory.createXPath(DocumentFactory.java:230)
	at org.dom4j.tree.AbstractNode.createXPath(AbstractNode.java:207)
	at org.dom4j.tree.AbstractNode.selectSingleNode(AbstractNode.java:183)
	at Misc.XMLUtil.addNodeWithAttributes(XMLUtil.java:209)
	at Toolbox.ResultUtil.createReport(ResultUtil.java:192)
	at Scripts.LMSIntegration.LMSStudent.LMSStudentPrerequiste(LMSStudent.java:28)
	at Scripts.LMSIntegration.LMSStudent.E4_1209(LMSStudent.java:128)
Caused by: java.lang.ClassNotFoundException: org.jaxen.JaxenException
	at java.net.URLClassLoader$1.run(Unknown Source)
	at java.net.URLClassLoader$1.run(Unknown Source)
	at java.security.AccessController.doPrivileged(Native Method)
	at java.net.URLClassLoader.findClass(Unknown Source)
	at java.lang.ClassLoader.loadClass(Unknown Source)
	at sun.misc.Launcher$AppClassLoader.loadClass(Unknown Source)
	at java.lang.ClassLoader.loadClass(Unknown Source)
	... 31 more
... Removed 24 stack frames]]>
    </failure>
  </testcase> <!-- E4_1209 -->
  <testcase name="E4_1222" time="0.007" classname="Scripts.LMSIntegration.LMSStudent">
    <failure type="java.lang.NoClassDefFoundError" message="org/jaxen/JaxenException">
      <![CDATA[java.lang.NoClassDefFoundError: org/jaxen/JaxenException
	at org.dom4j.DocumentFactory.createXPath(DocumentFactory.java:230)
	at org.dom4j.tree.AbstractNode.createXPath(AbstractNode.java:207)
	at org.dom4j.tree.AbstractNode.selectSingleNode(AbstractNode.java:183)
	at Misc.XMLUtil.addNodeWithAttributes(XMLUtil.java:209)
	at Toolbox.ResultUtil.createReport(ResultUtil.java:192)
	at Scripts.LMSIntegration.LMSStudent.LMSStudentPrerequiste(LMSStudent.java:28)
	at Scripts.LMSIntegration.LMSStudent.E4_1222(LMSStudent.java:47)
Caused by: java.lang.ClassNotFoundException: org.jaxen.JaxenException
	at java.net.URLClassLoader$1.run(Unknown Source)
	at java.net.URLClassLoader$1.run(Unknown Source)
	at java.security.AccessController.doPrivileged(Native Method)
	at java.net.URLClassLoader.findClass(Unknown Source)
	at java.lang.ClassLoader.loadClass(Unknown Source)
	at sun.misc.Launcher$AppClassLoader.loadClass(Unknown Source)
	at java.lang.ClassLoader.loadClass(Unknown Source)
	... 31 more
... Removed 24 stack frames]]>
    </failure>
  </testcase> <!-- E4_1222 -->
  <testcase name="E4_1162" time="0.012" classname="Scripts.LMSIntegration.LMSInstructor">
    <failure type="java.lang.NoClassDefFoundError" message="org/jaxen/JaxenException">
      <![CDATA[java.lang.NoClassDefFoundError: org/jaxen/JaxenException
	at org.dom4j.DocumentFactory.createXPath(DocumentFactory.java:230)
	at org.dom4j.tree.AbstractNode.createXPath(AbstractNode.java:207)
	at org.dom4j.tree.AbstractNode.selectSingleNode(AbstractNode.java:183)
	at Misc.XMLUtil.addNodeWithAttributes(XMLUtil.java:209)
	at Toolbox.ResultUtil.createReport(ResultUtil.java:192)
	at Scripts.LMSIntegration.LMSInstructor.LMSInstructorPrerequiste(LMSInstructor.java:26)
	at Scripts.LMSIntegration.LMSInstructor.E4_1162(LMSInstructor.java:164)
Caused by: java.lang.ClassNotFoundException: org.jaxen.JaxenException
	at java.net.URLClassLoader$1.run(Unknown Source)
	at java.net.URLClassLoader$1.run(Unknown Source)
	at java.security.AccessController.doPrivileged(Native Method)
	at java.net.URLClassLoader.findClass(Unknown Source)
	at java.lang.ClassLoader.loadClass(Unknown Source)
	at sun.misc.Launcher$AppClassLoader.loadClass(Unknown Source)
	at java.lang.ClassLoader.loadClass(Unknown Source)
	... 31 more
... Removed 24 stack frames]]>
    </failure>
  </testcase> <!-- E4_1162 -->
  <testcase name="E4_1160" time="0.008" classname="Scripts.LMSIntegration.LMSInstructor">
    <failure type="java.lang.NoClassDefFoundError" message="org/jaxen/JaxenException">
      <![CDATA[java.lang.NoClassDefFoundError: org/jaxen/JaxenException
	at org.dom4j.DocumentFactory.createXPath(DocumentFactory.java:230)
	at org.dom4j.tree.AbstractNode.createXPath(AbstractNode.java:207)
	at org.dom4j.tree.AbstractNode.selectSingleNode(AbstractNode.java:183)
	at Misc.XMLUtil.addNodeWithAttributes(XMLUtil.java:209)
	at Toolbox.ResultUtil.createReport(ResultUtil.java:192)
	at Scripts.LMSIntegration.LMSInstructor.LMSInstructorPrerequiste(LMSInstructor.java:26)
	at Scripts.LMSIntegration.LMSInstructor.E4_1160(LMSInstructor.java:192)
Caused by: java.lang.ClassNotFoundException: org.jaxen.JaxenException
	at java.net.URLClassLoader$1.run(Unknown Source)
	at java.net.URLClassLoader$1.run(Unknown Source)
	at java.security.AccessController.doPrivileged(Native Method)
	at java.net.URLClassLoader.findClass(Unknown Source)
	at java.lang.ClassLoader.loadClass(Unknown Source)
	at sun.misc.Launcher$AppClassLoader.loadClass(Unknown Source)
	at java.lang.ClassLoader.loadClass(Unknown Source)
	... 31 more
... Removed 24 stack frames]]>
    </failure>
  </testcase> <!-- E4_1160 -->
  <testcase name="E4_1161" time="0.008" classname="Scripts.LMSIntegration.LMSInstructor">
    <failure type="java.lang.NoClassDefFoundError" message="org/jaxen/JaxenException">
      <![CDATA[java.lang.NoClassDefFoundError: org/jaxen/JaxenException
	at org.dom4j.DocumentFactory.createXPath(DocumentFactory.java:230)
	at org.dom4j.tree.AbstractNode.createXPath(AbstractNode.java:207)
	at org.dom4j.tree.AbstractNode.selectSingleNode(AbstractNode.java:183)
	at Misc.XMLUtil.addNodeWithAttributes(XMLUtil.java:209)
	at Toolbox.ResultUtil.createReport(ResultUtil.java:192)
	at Scripts.LMSIntegration.LMSInstructor.LMSInstructorPrerequiste(LMSInstructor.java:26)
	at Scripts.LMSIntegration.LMSInstructor.E4_1161(LMSInstructor.java:129)
Caused by: java.lang.ClassNotFoundException: org.jaxen.JaxenException
	at java.net.URLClassLoader$1.run(Unknown Source)
	at java.net.URLClassLoader$1.run(Unknown Source)
	at java.security.AccessController.doPrivileged(Native Method)
	at java.net.URLClassLoader.findClass(Unknown Source)
	at java.lang.ClassLoader.loadClass(Unknown Source)
	at sun.misc.Launcher$AppClassLoader.loadClass(Unknown Source)
	at java.lang.ClassLoader.loadClass(Unknown Source)
	... 31 more
... Removed 24 stack frames]]>
    </failure>
  </testcase> <!-- E4_1161 -->
  <testcase name="E4_1158" time="0.008" classname="Scripts.LMSIntegration.LMSInstructor">
    <failure type="java.lang.NoClassDefFoundError" message="org/jaxen/JaxenException">
      <![CDATA[java.lang.NoClassDefFoundError: org/jaxen/JaxenException
	at org.dom4j.DocumentFactory.createXPath(DocumentFactory.java:230)
	at org.dom4j.tree.AbstractNode.createXPath(AbstractNode.java:207)
	at org.dom4j.tree.AbstractNode.selectSingleNode(AbstractNode.java:183)
	at Misc.XMLUtil.addNodeWithAttributes(XMLUtil.java:209)
	at Toolbox.ResultUtil.createReport(ResultUtil.java:192)
	at Scripts.LMSIntegration.LMSInstructor.LMSInstructorPrerequiste(LMSInstructor.java:26)
	at Scripts.LMSIntegration.LMSInstructor.E4_1158(LMSInstructor.java:220)
Caused by: java.lang.ClassNotFoundException: org.jaxen.JaxenException
	at java.net.URLClassLoader$1.run(Unknown Source)
	at java.net.URLClassLoader$1.run(Unknown Source)
	at java.security.AccessController.doPrivileged(Native Method)
	at java.net.URLClassLoader.findClass(Unknown Source)
	at java.lang.ClassLoader.loadClass(Unknown Source)
	at sun.misc.Launcher$AppClassLoader.loadClass(Unknown Source)
	at java.lang.ClassLoader.loadClass(Unknown Source)
	... 31 more
... Removed 24 stack frames]]>
    </failure>
  </testcase> <!-- E4_1158 -->
  <testcase name="E4_1159" time="0.008" classname="Scripts.LMSIntegration.LMSInstructor">
    <failure type="java.lang.NoClassDefFoundError" message="org/jaxen/JaxenException">
      <![CDATA[java.lang.NoClassDefFoundError: org/jaxen/JaxenException
	at org.dom4j.DocumentFactory.createXPath(DocumentFactory.java:230)
	at org.dom4j.tree.AbstractNode.createXPath(AbstractNode.java:207)
	at org.dom4j.tree.AbstractNode.selectSingleNode(AbstractNode.java:183)
	at Misc.XMLUtil.addNodeWithAttributes(XMLUtil.java:209)
	at Toolbox.ResultUtil.createReport(ResultUtil.java:192)
	at Scripts.LMSIntegration.LMSInstructor.LMSInstructorPrerequiste(LMSInstructor.java:26)
	at Scripts.LMSIntegration.LMSInstructor.E4_1159(LMSInstructor.java:250)
Caused by: java.lang.ClassNotFoundException: org.jaxen.JaxenException
	at java.net.URLClassLoader$1.run(Unknown Source)
	at java.net.URLClassLoader$1.run(Unknown Source)
	at java.security.AccessController.doPrivileged(Native Method)
	at java.net.URLClassLoader.findClass(Unknown Source)
	at java.lang.ClassLoader.loadClass(Unknown Source)
	at sun.misc.Launcher$AppClassLoader.loadClass(Unknown Source)
	at java.lang.ClassLoader.loadClass(Unknown Source)
	... 31 more
... Removed 24 stack frames]]>
    </failure>
  </testcase> <!-- E4_1159 -->
  <testcase name="E4_1208" time="0.013" classname="Scripts.LMSIntegration.LMSInstructor">
    <failure type="java.lang.NoClassDefFoundError" message="org/jaxen/JaxenException">
      <![CDATA[java.lang.NoClassDefFoundError: org/jaxen/JaxenException
	at org.dom4j.DocumentFactory.createXPath(DocumentFactory.java:230)
	at org.dom4j.tree.AbstractNode.createXPath(AbstractNode.java:207)
	at org.dom4j.tree.AbstractNode.selectSingleNode(AbstractNode.java:183)
	at Misc.XMLUtil.addNodeWithAttributes(XMLUtil.java:209)
	at Toolbox.ResultUtil.createReport(ResultUtil.java:192)
	at Scripts.LMSIntegration.LMSInstructor.LMSInstructorPrerequiste(LMSInstructor.java:26)
	at Scripts.LMSIntegration.LMSInstructor.E4_1208(LMSInstructor.java:304)
Caused by: java.lang.ClassNotFoundException: org.jaxen.JaxenException
	at java.net.URLClassLoader$1.run(Unknown Source)
	at java.net.URLClassLoader$1.run(Unknown Source)
	at java.security.AccessController.doPrivileged(Native Method)
	at java.net.URLClassLoader.findClass(Unknown Source)
	at java.lang.ClassLoader.loadClass(Unknown Source)
	at sun.misc.Launcher$AppClassLoader.loadClass(Unknown Source)
	at java.lang.ClassLoader.loadClass(Unknown Source)
	... 31 more
... Removed 24 stack frames]]>
    </failure>
  </testcase> <!-- E4_1208 -->
</testsuite> <!-- LMSIntegration -->
