<?xml version="1.0" encoding="UTF-8"?>
<!-- Generated by org.testng.reporters.JUnitXMLReporter -->
<testsuite hostname="200411DC0127" name="Assignments" tests="3" failures="3" timestamp="17 Nov 2013 11:58:30 GMT" time="25.681" errors="0">
  <testcase name="samplePrerequiste" time="25.531" classname="Scripts.CourseAdmin.Sample">
    <failure type="java.lang.NullPointerException">
      <![CDATA[java.lang.NullPointerException
	at org.openqa.selenium.support.pagefactory.DefaultElementLocator.findElement(DefaultElementLocator.java:59)
	at org.openqa.selenium.support.pagefactory.internal.LocatingElementHandler.invoke(LocatingElementHandler.java:34)
	at com.sun.proxy.$Proxy9.isDisplayed(Unknown Source)
	at Toolbox.TextBox.enterValue(TextBox.java:12)
	at Pages.Common.HomePage.login(HomePage.java:71)
	at Scripts.CourseAdmin.Sample.samplePrerequiste(Sample.java:43)
... Removed 24 stack frames]]>
    </failure>
  </testcase> <!-- samplePrerequiste -->
  <testcase name="E4_976" time="0.052" classname="Scripts.CourseAdmin.Sample">
    <failure type="java.lang.NullPointerException">
      <![CDATA[java.lang.NullPointerException
	at org.openqa.selenium.support.pagefactory.DefaultElementLocator.findElement(DefaultElementLocator.java:59)
	at org.openqa.selenium.support.pagefactory.internal.LocatingElementHandler.invoke(LocatingElementHandler.java:34)
	at com.sun.proxy.$Proxy9.isDisplayed(Unknown Source)
	at Toolbox.Link.verify(Link.java:134)
	at Pages.CourseAdmin.CourseAdminClassSectionPage.validateClassSectionUI(CourseAdminClassSectionPage.java:107)
	at Scripts.CourseAdmin.Sample.E4_976(Sample.java:59)
... Removed 24 stack frames]]>
    </failure>
  </testcase> <!-- E4_976 -->
  <testcase name="E4_980" time="0.057" classname="Scripts.CourseAdmin.Sample">
    <failure type="java.lang.NullPointerException">
      <![CDATA[java.lang.NullPointerException
	at Pages.CourseAdmin.CourseAdminClassSectionPage.selectDefaultClassSectionEditlink(CourseAdminClassSectionPage.java:151)
	at Scripts.CourseAdmin.Sample.E4_980(Sample.java:66)
... Removed 24 stack frames]]>
    </failure>
  </testcase> <!-- E4_980 -->
</testsuite> <!-- Assignments -->
