<?xml version="1.0" encoding="UTF-8"?>
<!-- Generated by org.testng.reporters.JUnitXMLReporter -->
<testsuite hostname="200411DC0127" name="MapleGraph" tests="49" failures="49" timestamp="6 Jan 2014 07:09:04 GMT" time="503.686" errors="0">
  <testcase name="E4_5244" time="7.154" classname="Scripts.MapleGraph.GraphingMapleIntegration">
    <failure type="java.lang.NullPointerException">
      <![CDATA[java.lang.NullPointerException
	at Scripts.MapleGraph.GraphingMapleIntegration.E4_5244(GraphingMapleIntegration.java:79)
... Removed 24 stack frames]]>
    </failure>
  </testcase> <!-- E4_5244 -->
  <testcase name="E4_5282_1" time="2.793" classname="Scripts.MapleGraph.GraphingMapleIntegration">
    <failure type="java.lang.NullPointerException">
      <![CDATA[java.lang.NullPointerException
	at org.openqa.selenium.support.pagefactory.DefaultElementLocator.findElement(DefaultElementLocator.java:59)
	at org.openqa.selenium.support.pagefactory.internal.LocatingElementHandler.invoke(LocatingElementHandler.java:34)
	at com.sun.proxy.$Proxy9.sendKeys(Unknown Source)
	at Pages.MapleGraph.MapleGraphPage.MGAdminlogin(MapleGraphPage.java:330)
	at Scripts.MapleGraph.GraphingMapleIntegration.E4_5282_1(GraphingMapleIntegration.java:224)
... Removed 24 stack frames]]>
    </failure>
  </testcase> <!-- E4_5282_1 -->
  <testcase name="E4_5282_2" time="2.296" classname="Scripts.MapleGraph.GraphingMapleIntegration">
    <failure type="java.lang.NullPointerException">
      <![CDATA[java.lang.NullPointerException
	at Scripts.MapleGraph.GraphingMapleIntegration.E4_5282_2(GraphingMapleIntegration.java:273)
... Removed 24 stack frames]]>
    </failure>
  </testcase> <!-- E4_5282_2 -->
  <testcase name="E4_5282_3" time="4.805" classname="Scripts.MapleGraph.GraphingMapleIntegration">
    <failure type="java.lang.NullPointerException">
      <![CDATA[java.lang.NullPointerException
	at Scripts.MapleGraph.GraphingMapleIntegration.E4_5282_3(GraphingMapleIntegration.java:327)
... Removed 24 stack frames]]>
    </failure>
  </testcase> <!-- E4_5282_3 -->
  <testcase name="E4_5282_4" time="2.298" classname="Scripts.MapleGraph.GraphingMapleIntegration">
    <failure type="java.lang.NullPointerException">
      <![CDATA[java.lang.NullPointerException
	at org.openqa.selenium.support.pagefactory.DefaultElementLocator.findElement(DefaultElementLocator.java:59)
	at org.openqa.selenium.support.pagefactory.internal.LocatingElementHandler.invoke(LocatingElementHandler.java:34)
	at com.sun.proxy.$Proxy9.sendKeys(Unknown Source)
	at Pages.MapleGraph.MapleGraphPage.MGAdminlogin(MapleGraphPage.java:330)
	at Scripts.MapleGraph.GraphingMapleIntegration.E4_5282_4(GraphingMapleIntegration.java:369)
... Removed 24 stack frames]]>
    </failure>
  </testcase> <!-- E4_5282_4 -->
  <testcase name="E4_5281" time="2.442" classname="Scripts.MapleGraph.GraphingMapleIntegration">
    <failure type="java.lang.NullPointerException">
      <![CDATA[java.lang.NullPointerException
	at Scripts.MapleGraph.GraphingMapleIntegration.E4_5281(GraphingMapleIntegration.java:40)
... Removed 24 stack frames]]>
    </failure>
  </testcase> <!-- E4_5281 -->
  <testcase name="E4_5284" time="2.516" classname="Scripts.MapleGraph.GraphingMapleIntegration">
    <failure type="java.lang.NullPointerException">
      <![CDATA[java.lang.NullPointerException
	at Scripts.MapleGraph.GraphingMapleIntegration.E4_5284(GraphingMapleIntegration.java:130)
... Removed 24 stack frames]]>
    </failure>
  </testcase> <!-- E4_5284 -->
  <testcase name="E4_5238" time="2.412" classname="Scripts.MapleGraph.GraphingMapleIntegration">
    <failure type="java.lang.NullPointerException">
      <![CDATA[java.lang.NullPointerException
	at Scripts.MapleGraph.GraphingMapleIntegration.E4_5238(GraphingMapleIntegration.java:168)
... Removed 24 stack frames]]>
    </failure>
  </testcase> <!-- E4_5238 -->
  <testcase name="E4_4950" time="2.347" classname="Scripts.MapleGraph.GraphingMapleHelpLink">
    <failure type="java.lang.NullPointerException">
      <![CDATA[java.lang.NullPointerException
	at Scripts.MapleGraph.GraphingMapleHelpLink.E4_4950(GraphingMapleHelpLink.java:41)
... Removed 24 stack frames]]>
    </failure>
  </testcase> <!-- E4_4950 -->
  <testcase name="E4_4955" time="2.403" classname="Scripts.MapleGraph.GraphingMapleHelpLink">
    <failure type="java.lang.NullPointerException">
      <![CDATA[java.lang.NullPointerException
	at Scripts.MapleGraph.GraphingMapleHelpLink.E4_4955(GraphingMapleHelpLink.java:77)
... Removed 24 stack frames]]>
    </failure>
  </testcase> <!-- E4_4955 -->
  <testcase name="E4_5470" time="0.005" classname="Scripts.MapleGraph.CorrectionsAdditions">
    <failure type="java.lang.Error" message="Unresolved compilation problem: 
	The method checkclasssection() is undefined for the type MapleGraphPage
">
      <![CDATA[java.lang.Error: Unresolved compilation problem: 
	The method checkclasssection() is undefined for the type MapleGraphPage

	at Scripts.MapleGraph.CorrectionsAdditions.E4_5470(CorrectionsAdditions.java:98)
... Removed 24 stack frames]]>
    </failure>
  </testcase> <!-- E4_5470 -->
  <testcase name="E4_5080" time="2.45" classname="Scripts.MapleGraph.ImagePlaceHolderIVonDemand">
    <failure type="java.lang.NullPointerException">
      <![CDATA[java.lang.NullPointerException
	at Scripts.MapleGraph.ImagePlaceHolderIVonDemand.E4_5080(ImagePlaceHolderIVonDemand.java:74)
... Removed 24 stack frames]]>
    </failure>
  </testcase> <!-- E4_5080 -->
  <testcase name="E4_5102" time="2.487" classname="Scripts.MapleGraph.ImagePlaceHolderIVonDemand">
    <failure type="java.lang.NullPointerException">
      <![CDATA[java.lang.NullPointerException
	at Scripts.MapleGraph.ImagePlaceHolderIVonDemand.E4_5102(ImagePlaceHolderIVonDemand.java:39)
... Removed 24 stack frames]]>
    </failure>
  </testcase> <!-- E4_5102 -->
  <testcase name="E4_5082" time="2.425" classname="Scripts.MapleGraph.ImagePlaceHolderIVonDemand">
    <failure type="java.lang.NullPointerException">
      <![CDATA[java.lang.NullPointerException
	at Scripts.MapleGraph.ImagePlaceHolderIVonDemand.E4_5082(ImagePlaceHolderIVonDemand.java:110)
... Removed 24 stack frames]]>
    </failure>
  </testcase> <!-- E4_5082 -->
  <testcase name="E4_5045" time="2.376" classname="Scripts.MapleGraph.ImagePlaceHolderIVonDemand">
    <failure type="java.lang.NullPointerException">
      <![CDATA[java.lang.NullPointerException
	at Scripts.MapleGraph.ImagePlaceHolderIVonDemand.E4_5045(ImagePlaceHolderIVonDemand.java:148)
... Removed 24 stack frames]]>
    </failure>
  </testcase> <!-- E4_5045 -->
  <testcase name="E4_5060" time="2.82" classname="Scripts.MapleGraph.ImagePlaceHolderIVonDemand">
    <failure type="java.lang.NullPointerException">
      <![CDATA[java.lang.NullPointerException
	at Scripts.MapleGraph.ImagePlaceHolderIVonDemand.E4_5060(ImagePlaceHolderIVonDemand.java:184)
... Removed 24 stack frames]]>
    </failure>
  </testcase> <!-- E4_5060 -->
  <testcase name="E4_5067" time="2.376" classname="Scripts.MapleGraph.ImagePlaceHolderIVonDemand">
    <failure type="java.lang.NullPointerException">
      <![CDATA[java.lang.NullPointerException
	at Scripts.MapleGraph.ImagePlaceHolderIVonDemand.E4_5067(ImagePlaceHolderIVonDemand.java:219)
... Removed 24 stack frames]]>
    </failure>
  </testcase> <!-- E4_5067 -->
  <testcase name="E4_5109" time="2.84" classname="Scripts.MapleGraph.ImagePlaceHolderIVonDemand">
    <failure type="java.lang.NullPointerException">
      <![CDATA[java.lang.NullPointerException
	at Scripts.MapleGraph.ImagePlaceHolderIVonDemand.E4_5109(ImagePlaceHolderIVonDemand.java:250)
... Removed 24 stack frames]]>
    </failure>
  </testcase> <!-- E4_5109 -->
  <testcase name="E4_5117" time="2.64" classname="Scripts.MapleGraph.ImagePlaceHolderIVonDemand">
    <failure type="java.lang.NullPointerException">
      <![CDATA[java.lang.NullPointerException
	at Scripts.MapleGraph.ImagePlaceHolderIVonDemand.E4_5117(ImagePlaceHolderIVonDemand.java:276)
... Removed 24 stack frames]]>
    </failure>
  </testcase> <!-- E4_5117 -->
  <testcase name="E4_4429" time="2.524" classname="Scripts.MapleGraph.MapleGraphingQuestionsInstructor">
    <failure type="java.lang.NullPointerException">
      <![CDATA[java.lang.NullPointerException
	at Scripts.MapleGraph.MapleGraphingQuestionsInstructor.E4_4429(MapleGraphingQuestionsInstructor.java:75)
... Removed 24 stack frames]]>
    </failure>
  </testcase> <!-- E4_4429 -->
  <testcase name="E4_4430_2" time="2.459" classname="Scripts.MapleGraph.MapleGraphingQuestionsInstructor">
    <failure type="java.lang.NullPointerException">
      <![CDATA[java.lang.NullPointerException
	at Scripts.MapleGraph.MapleGraphingQuestionsInstructor.E4_4430_2(MapleGraphingQuestionsInstructor.java:149)
... Removed 24 stack frames]]>
    </failure>
  </testcase> <!-- E4_4430_2 -->
  <testcase name="E4_4433_1" time="0.007" classname="Scripts.MapleGraph.MapleGraphingQuestionsInstructor">
    <failure type="java.lang.Error" message="Unresolved compilation problem: 
	The method checkboxMaple() is undefined for the type MapleGraphPage
">
      <![CDATA[java.lang.Error: Unresolved compilation problem: 
	The method checkboxMaple() is undefined for the type MapleGraphPage

	at Scripts.MapleGraph.MapleGraphingQuestionsInstructor.E4_4433_1(MapleGraphingQuestionsInstructor.java:263)
... Removed 24 stack frames]]>
    </failure>
  </testcase> <!-- E4_4433_1 -->
  <testcase name="E4_4433_2" time="0.008" classname="Scripts.MapleGraph.MapleGraphingQuestionsInstructor">
    <failure type="java.lang.Error" message="Unresolved compilation problem: 
	The method checkboxMaple() is undefined for the type MapleGraphPage
">
      <![CDATA[java.lang.Error: Unresolved compilation problem: 
	The method checkboxMaple() is undefined for the type MapleGraphPage

	at Scripts.MapleGraph.MapleGraphingQuestionsInstructor.E4_4433_2(MapleGraphingQuestionsInstructor.java:312)
... Removed 24 stack frames]]>
    </failure>
  </testcase> <!-- E4_4433_2 -->
  <testcase name="E4_4435" time="0.007" classname="Scripts.MapleGraph.MapleGraphingQuestionsInstructor">
    <failure type="java.lang.Error" message="Unresolved compilation problem: 
	The method checkclasssection() is undefined for the type MapleGraphPage
">
      <![CDATA[java.lang.Error: Unresolved compilation problem: 
	The method checkclasssection() is undefined for the type MapleGraphPage

	at Scripts.MapleGraph.MapleGraphingQuestionsInstructor.E4_4435(MapleGraphingQuestionsInstructor.java:356)
... Removed 24 stack frames]]>
    </failure>
  </testcase> <!-- E4_4435 -->
  <testcase name="E4_4437" time="0.005" classname="Scripts.MapleGraph.MapleGraphingQuestionsInstructor">
    <failure type="java.lang.Error" message="Unresolved compilation problem: 
	The method checkclasssection() is undefined for the type MapleGraphPage
">
      <![CDATA[java.lang.Error: Unresolved compilation problem: 
	The method checkclasssection() is undefined for the type MapleGraphPage

	at Scripts.MapleGraph.MapleGraphingQuestionsInstructor.E4_4437(MapleGraphingQuestionsInstructor.java:463)
... Removed 24 stack frames]]>
    </failure>
  </testcase> <!-- E4_4437 -->
  <testcase name="E4_4438" time="0.018" classname="Scripts.MapleGraph.MapleGraphingQuestionsInstructor">
    <failure type="java.lang.Error" message="Unresolved compilation problem: 
	The method clickQuestion() is undefined for the type MapleGraphPage
">
      <![CDATA[java.lang.Error: Unresolved compilation problem: 
	The method clickQuestion() is undefined for the type MapleGraphPage

	at Scripts.MapleGraph.MapleGraphingQuestionsInstructor.E4_4438(MapleGraphingQuestionsInstructor.java:505)
... Removed 24 stack frames]]>
    </failure>
  </testcase> <!-- E4_4438 -->
  <testcase name="E4_4439" time="2.395" classname="Scripts.MapleGraph.MapleGraphingQuestionsInstructor">
    <failure type="java.lang.NullPointerException">
      <![CDATA[java.lang.NullPointerException
	at Scripts.MapleGraph.MapleGraphingQuestionsInstructor.E4_4439(MapleGraphingQuestionsInstructor.java:524)
... Removed 24 stack frames]]>
    </failure>
  </testcase> <!-- E4_4439 -->
  <testcase name="E4_4440" time="2.524" classname="Scripts.MapleGraph.MapleGraphingQuestionsInstructor">
    <failure type="java.lang.NullPointerException">
      <![CDATA[java.lang.NullPointerException
	at org.openqa.selenium.support.pagefactory.DefaultElementLocator.findElement(DefaultElementLocator.java:59)
	at org.openqa.selenium.support.pagefactory.internal.LocatingElementHandler.invoke(LocatingElementHandler.java:34)
	at com.sun.proxy.$Proxy9.isDisplayed(Unknown Source)
	at Toolbox.TextBox.enterValue(TextBox.java:12)
	at Pages.MapleGraph.MapleGraphPage.MGInstructorlogin(MapleGraphPage.java:300)
	at Scripts.MapleGraph.MapleGraphingQuestionsInstructor.E4_4440(MapleGraphingQuestionsInstructor.java:554)
... Removed 24 stack frames]]>
    </failure>
  </testcase> <!-- E4_4440 -->
  <testcase name="E4_4571" time="2.504" classname="Scripts.MapleGraph.MapleGraphingQuestionsInstructor">
    <failure type="java.lang.NullPointerException">
      <![CDATA[java.lang.NullPointerException
	at Scripts.MapleGraph.MapleGraphingQuestionsInstructor.E4_4571(MapleGraphingQuestionsInstructor.java:585)
... Removed 24 stack frames]]>
    </failure>
  </testcase> <!-- E4_4571 -->
  <testcase name="E4_4572" time="2.242" classname="Scripts.MapleGraph.MapleGraphingQuestionsInstructor">
    <failure type="java.lang.NullPointerException">
      <![CDATA[java.lang.NullPointerException
	at org.openqa.selenium.support.pagefactory.DefaultElementLocator.findElement(DefaultElementLocator.java:59)
	at org.openqa.selenium.support.pagefactory.internal.LocatingElementHandler.invoke(LocatingElementHandler.java:34)
	at com.sun.proxy.$Proxy9.isDisplayed(Unknown Source)
	at Toolbox.TextBox.enterValue(TextBox.java:12)
	at Pages.MapleGraph.MapleGraphPage.MGInstructorlogin(MapleGraphPage.java:300)
	at Scripts.MapleGraph.MapleGraphingQuestionsInstructor.E4_4572(MapleGraphingQuestionsInstructor.java:624)
... Removed 24 stack frames]]>
    </failure>
  </testcase> <!-- E4_4572 -->
  <testcase name="E4_4633" time="2.226" classname="Scripts.MapleGraph.MapleGraphingQuestionsStudent">
    <failure type="java.lang.NullPointerException">
      <![CDATA[java.lang.NullPointerException
	at Scripts.MapleGraph.MapleGraphingQuestionsStudent.MapleGraphingQuestionsStudentPrerequisite(MapleGraphingQuestionsStudent.java:44)
	at Scripts.MapleGraph.MapleGraphingQuestionsStudent.E4_4633(MapleGraphingQuestionsStudent.java:61)
... Removed 24 stack frames]]>
    </failure>
  </testcase> <!-- E4_4633 -->
  <testcase name="E4_4442" time="2.334" classname="Scripts.MapleGraph.MapleGraphingQuestionsStudent">
    <failure type="java.lang.NullPointerException">
      <![CDATA[java.lang.NullPointerException
	at Scripts.MapleGraph.MapleGraphingQuestionsStudent.MapleGraphingQuestionsStudentPrerequisite(MapleGraphingQuestionsStudent.java:44)
	at Scripts.MapleGraph.MapleGraphingQuestionsStudent.E4_4442(MapleGraphingQuestionsStudent.java:82)
... Removed 24 stack frames]]>
    </failure>
  </testcase> <!-- E4_4442 -->
  <testcase name="E4_4443" time="2.263" classname="Scripts.MapleGraph.MapleGraphingQuestionsStudent">
    <failure type="java.lang.NullPointerException">
      <![CDATA[java.lang.NullPointerException
	at Scripts.MapleGraph.MapleGraphingQuestionsStudent.MapleGraphingQuestionsStudentPrerequisite(MapleGraphingQuestionsStudent.java:44)
	at Scripts.MapleGraph.MapleGraphingQuestionsStudent.E4_4443(MapleGraphingQuestionsStudent.java:106)
... Removed 24 stack frames]]>
    </failure>
  </testcase> <!-- E4_4443 -->
  <testcase name="E4_4444" time="2.369" classname="Scripts.MapleGraph.MapleGraphingQuestionsStudent">
    <failure type="java.lang.NullPointerException">
      <![CDATA[java.lang.NullPointerException
	at Scripts.MapleGraph.MapleGraphingQuestionsStudent.MapleGraphingQuestionsStudentPrerequisite(MapleGraphingQuestionsStudent.java:44)
	at Scripts.MapleGraph.MapleGraphingQuestionsStudent.E4_4444(MapleGraphingQuestionsStudent.java:136)
... Removed 24 stack frames]]>
    </failure>
  </testcase> <!-- E4_4444 -->
  <testcase name="E4_4445" time="2.352" classname="Scripts.MapleGraph.MapleGraphingQuestionsStudent">
    <failure type="java.lang.NullPointerException">
      <![CDATA[java.lang.NullPointerException
	at Scripts.MapleGraph.MapleGraphingQuestionsStudent.MapleGraphingQuestionsStudentPrerequisite(MapleGraphingQuestionsStudent.java:44)
	at Scripts.MapleGraph.MapleGraphingQuestionsStudent.E4_4445(MapleGraphingQuestionsStudent.java:166)
... Removed 24 stack frames]]>
    </failure>
  </testcase> <!-- E4_4445 -->
  <testcase name="E4_4913" time="2.241" classname="Scripts.MapleGraph.RenameToGraphingMapleAdmin">
    <failure type="java.lang.NullPointerException">
      <![CDATA[java.lang.NullPointerException
	at Scripts.MapleGraph.RenameToGraphingMapleAdmin.RenameToGraphingMapleAdminPrerequisite(RenameToGraphingMapleAdmin.java:45)
	at Scripts.MapleGraph.RenameToGraphingMapleAdmin.E4_4913(RenameToGraphingMapleAdmin.java:91)
... Removed 24 stack frames]]>
    </failure>
  </testcase> <!-- E4_4913 -->
  <testcase name="E4_4908" time="2.512" classname="Scripts.MapleGraph.RenameToGraphingMapleAdmin">
    <failure type="java.lang.NullPointerException">
      <![CDATA[java.lang.NullPointerException
	at Scripts.MapleGraph.RenameToGraphingMapleAdmin.RenameToGraphingMapleAdminPrerequisite(RenameToGraphingMapleAdmin.java:45)
	at Scripts.MapleGraph.RenameToGraphingMapleAdmin.E4_4908(RenameToGraphingMapleAdmin.java:61)
... Removed 24 stack frames]]>
    </failure>
  </testcase> <!-- E4_4908 -->
  <testcase name="E4_4899" time="2.256" classname="Scripts.MapleGraph.RenameToGraphingMapleInstructor">
    <failure type="java.lang.NullPointerException">
      <![CDATA[java.lang.NullPointerException
	at Scripts.MapleGraph.RenameToGraphingMapleInstructor.E4_4899(RenameToGraphingMapleInstructor.java:37)
... Removed 24 stack frames]]>
    </failure>
  </testcase> <!-- E4_4899 -->
  <testcase name="E4_4902" time="0.004" classname="Scripts.MapleGraph.RenameToGraphingMapleInstructor">
    <failure type="java.lang.Error" message="Unresolved compilation problem: 
	The method clickQuestionGo() is undefined for the type MapleGraphPage
">
      <![CDATA[java.lang.Error: Unresolved compilation problem: 
	The method clickQuestionGo() is undefined for the type MapleGraphPage

	at Scripts.MapleGraph.RenameToGraphingMapleInstructor.E4_4902(RenameToGraphingMapleInstructor.java:89)
... Removed 24 stack frames]]>
    </failure>
  </testcase> <!-- E4_4902 -->
  <testcase name="E4_4905" time="2.205" classname="Scripts.MapleGraph.RenameToGraphingMapleInstructor">
    <failure type="java.lang.NullPointerException">
      <![CDATA[java.lang.NullPointerException
	at Scripts.MapleGraph.RenameToGraphingMapleInstructor.E4_4905(RenameToGraphingMapleInstructor.java:123)
... Removed 24 stack frames]]>
    </failure>
  </testcase> <!-- E4_4905 -->
  <testcase name="E4_4906" time="2.241" classname="Scripts.MapleGraph.RenameToGraphingMapleInstructor">
    <failure type="java.lang.NullPointerException">
      <![CDATA[java.lang.NullPointerException
	at Scripts.MapleGraph.RenameToGraphingMapleInstructor.E4_4906(RenameToGraphingMapleInstructor.java:161)
... Removed 24 stack frames]]>
    </failure>
  </testcase> <!-- E4_4906 -->
  <testcase name="E4_4970" time="56.926" classname="Scripts.MapleGraph.SupportDisableFeedback">
    <failure type="java.lang.NullPointerException">
      <![CDATA[java.lang.NullPointerException
	at Scripts.MapleGraph.SupportDisableFeedback.E4_4970(SupportDisableFeedback.java:40)
... Removed 24 stack frames]]>
    </failure>
  </testcase> <!-- E4_4970 -->
  <testcase name="E4_5021_1" time="46.352" classname="Scripts.MapleGraph.SupportDisableFeedback">
    <failure type="java.lang.NullPointerException">
      <![CDATA[java.lang.NullPointerException
	at Scripts.MapleGraph.SupportDisableFeedback.E4_5021_1(SupportDisableFeedback.java:76)
... Removed 24 stack frames]]>
    </failure>
  </testcase> <!-- E4_5021_1 -->
  <testcase name="E4_5134" time="55.558" classname="Scripts.MapleGraph.SupportDisableFeedback">
    <failure type="java.lang.NullPointerException">
      <![CDATA[java.lang.NullPointerException
	at Scripts.MapleGraph.SupportDisableFeedback.E4_5134(SupportDisableFeedback.java:135)
... Removed 24 stack frames]]>
    </failure>
  </testcase> <!-- E4_5134 -->
  <testcase name="E4_5143" time="47.066" classname="Scripts.MapleGraph.SupportDisableFeedback">
    <failure type="java.lang.NullPointerException">
      <![CDATA[java.lang.NullPointerException
	at Scripts.MapleGraph.SupportDisableFeedback.E4_5143(SupportDisableFeedback.java:159)
... Removed 24 stack frames]]>
    </failure>
  </testcase> <!-- E4_5143 -->
  <testcase name="E4_4938" time="56.28" classname="Scripts.MapleGraph.SupportPrinting">
    <failure type="java.lang.NullPointerException">
      <![CDATA[java.lang.NullPointerException
	at Scripts.MapleGraph.SupportPrinting.E4_4938(SupportPrinting.java:118)
... Removed 24 stack frames]]>
    </failure>
  </testcase> <!-- E4_4938 -->
  <testcase name="E4_4924" time="46.929" classname="Scripts.MapleGraph.SupportPrinting">
    <failure type="java.lang.NullPointerException">
      <![CDATA[java.lang.NullPointerException
	at Scripts.MapleGraph.SupportPrinting.E4_4924(SupportPrinting.java:40)
... Removed 24 stack frames]]>
    </failure>
  </testcase> <!-- E4_4924 -->
  <testcase name="E4_4948" time="56.53" classname="Scripts.MapleGraph.SupportPrinting">
    <failure type="java.lang.NullPointerException">
      <![CDATA[java.lang.NullPointerException
	at Scripts.MapleGraph.SupportPrinting.E4_4948(SupportPrinting.java:79)
... Removed 24 stack frames]]>
    </failure>
  </testcase> <!-- E4_4948 -->
  <testcase name="E4_4942" time="47.098" classname="Scripts.MapleGraph.SupportPrinting">
    <failure type="java.lang.NullPointerException">
      <![CDATA[java.lang.NullPointerException
	at Scripts.MapleGraph.SupportPrinting.E4_4942(SupportPrinting.java:157)
... Removed 24 stack frames]]>
    </failure>
  </testcase> <!-- E4_4942 -->
</testsuite> <!-- MapleGraph -->
